<?xml version="1.0" encoding="UTF-8"?>
<testsuite xmlns:xsi="http://www.w3.org/2001/XMLSchema-instance" xsi:noNamespaceSchemaLocation="https://maven.apache.org/surefire/maven-surefire-plugin/xsd/surefire-test-report.xsd" version="3.0.2" name="au.edu.rmit.sct.PersonTest$AddPersonalTests" time="0.01" tests="5" errors="0" skipped="0" failures="0">
  <properties>
    <property name="java.specification.version" value="23"/>
    <property name="sun.jnu.encoding" value="UTF-8"/>
    <property name="java.class.path" value="/Users/nathanielkong/Downloads/group68-Assessment-4-/numbers/target/test-classes:/Users/nathanielkong/Downloads/group68-Assessment-4-/numbers/target/classes:/Users/nathanielkong/.m2/repository/org/junit/jupiter/junit-jupiter-api/5.12.2/junit-jupiter-api-5.12.2.jar:/Users/nathanielkong/.m2/repository/org/opentest4j/opentest4j/1.3.0/opentest4j-1.3.0.jar:/Users/nathanielkong/.m2/repository/org/junit/platform/junit-platform-commons/1.12.2/junit-platform-commons-1.12.2.jar:/Users/nathanielkong/.m2/repository/org/apiguardian/apiguardian-api/1.1.2/apiguardian-api-1.1.2.jar:/Users/nathanielkong/.m2/repository/org/junit/jupiter/junit-jupiter-engine/5.12.2/junit-jupiter-engine-5.12.2.jar:/Users/nathanielkong/.m2/repository/org/junit/platform/junit-platform-engine/1.12.2/junit-platform-engine-1.12.2.jar:"/>
    <property name="java.vm.vendor" value="Homebrew"/>
    <property name="sun.arch.data.model" value="64"/>
    <property name="java.vendor.url" value="https://github.com/Homebrew/homebrew-core/issues"/>
    <property name="user.timezone" value="Australia/Melbourne"/>
    <property name="os.name" value="Mac OS X"/>
    <property name="java.vm.specification.version" value="23"/>
    <property name="sun.java.launcher" value="SUN_STANDARD"/>
    <property name="user.country" value="MY"/>
    <property name="sun.boot.library.path" value="/opt/homebrew/Cellar/openjdk/23.0.2/libexec/openjdk.jdk/Contents/Home/lib"/>
    <property name="sun.java.command" value="/Users/nathanielkong/Downloads/group68-Assessment-4-/numbers/target/surefire/surefirebooter-20250605152420258_3.jar /Users/nathanielkong/Downloads/group68-Assessment-4-/numbers/target/surefire 2025-06-05T15-24-20_199-jvmRun1 surefire-20250605152420258_1tmp surefire_0-20250605152420258_2tmp"/>
    <property name="http.nonProxyHosts" value="local|*.local|169.254/16|*.169.254/16"/>
    <property name="jdk.debug" value="release"/>
    <property name="surefire.test.class.path" value="/Users/nathanielkong/Downloads/group68-Assessment-4-/numbers/target/test-classes:/Users/nathanielkong/Downloads/group68-Assessment-4-/numbers/target/classes:/Users/nathanielkong/.m2/repository/org/junit/jupiter/junit-jupiter-api/5.12.2/junit-jupiter-api-5.12.2.jar:/Users/nathanielkong/.m2/repository/org/opentest4j/opentest4j/1.3.0/opentest4j-1.3.0.jar:/Users/nathanielkong/.m2/repository/org/junit/platform/junit-platform-commons/1.12.2/junit-platform-commons-1.12.2.jar:/Users/nathanielkong/.m2/repository/org/apiguardian/apiguardian-api/1.1.2/apiguardian-api-1.1.2.jar:/Users/nathanielkong/.m2/repository/org/junit/jupiter/junit-jupiter-engine/5.12.2/junit-jupiter-engine-5.12.2.jar:/Users/nathanielkong/.m2/repository/org/junit/platform/junit-platform-engine/1.12.2/junit-platform-engine-1.12.2.jar:"/>
    <property name="sun.cpu.endian" value="little"/>
    <property name="user.home" value="/Users/nathanielkong"/>
    <property name="user.language" value="en"/>
    <property name="java.specification.vendor" value="Oracle Corporation"/>
    <property name="java.version.date" value="2025-01-21"/>
    <property name="java.home" value="/opt/homebrew/Cellar/openjdk/23.0.2/libexec/openjdk.jdk/Contents/Home"/>
    <property name="file.separator" value="/"/>
    <property name="basedir" value="/Users/nathanielkong/Downloads/group68-Assessment-4-/numbers"/>
    <property name="java.vm.compressedOopsMode" value="Zero based"/>
    <property name="line.separator" value="&#10;"/>
    <property name="java.vm.specification.vendor" value="Oracle Corporation"/>
    <property name="java.specification.name" value="Java Platform API Specification"/>
    <property name="apple.awt.application.name" value="ForkedBooter"/>
    <property name="surefire.real.class.path" value="/Users/nathanielkong/Downloads/group68-Assessment-4-/numbers/target/surefire/surefirebooter-20250605152420258_3.jar"/>
    <property name="sun.management.compiler" value="HotSpot 64-Bit Tiered Compilers"/>
    <property name="ftp.nonProxyHosts" value="local|*.local|169.254/16|*.169.254/16"/>
    <property name="java.runtime.version" value="23.0.2"/>
    <property name="user.name" value="nathanielkong"/>
    <property name="stdout.encoding" value="UTF-8"/>
    <property name="path.separator" value=":"/>
    <property name="os.version" value="14.5"/>
    <property name="java.runtime.name" value="OpenJDK Runtime Environment"/>
    <property name="file.encoding" value="UTF-8"/>
    <property name="java.vm.name" value="OpenJDK 64-Bit Server VM"/>
    <property name="java.vendor.version" value="Homebrew"/>
    <property name="localRepository" value="/Users/nathanielkong/.m2/repository"/>
    <property name="java.vendor.url.bug" value="https://github.com/Homebrew/homebrew-core/issues"/>
    <property name="java.io.tmpdir" value="/var/folders/md/2sgjpyqd6kg2w9qs5sq7s3940000gn/T/"/>
    <property name="java.version" value="23.0.2"/>
    <property name="user.dir" value="/Users/nathanielkong/Downloads/group68-Assessment-4-/numbers"/>
    <property name="os.arch" value="aarch64"/>
    <property name="java.vm.specification.name" value="Java Virtual Machine Specification"/>
    <property name="native.encoding" value="UTF-8"/>
    <property name="java.library.path" value="/Users/nathanielkong/Library/Java/Extensions:/Library/Java/Extensions:/Network/Library/Java/Extensions:/System/Library/Java/Extensions:/usr/lib/java:."/>
    <property name="java.vm.info" value="mixed mode, sharing"/>
    <property name="stderr.encoding" value="UTF-8"/>
    <property name="java.vendor" value="Homebrew"/>
    <property name="java.vm.version" value="23.0.2"/>
    <property name="sun.io.unicode.encoding" value="UnicodeBig"/>
    <property name="socksNonProxyHosts" value="local|*.local|169.254/16|*.169.254/16"/>
    <property name="java.class.version" value="67.0"/>
  </properties>
  <testcase name="testAddPerson1" classname="au.edu.rmit.sct.PersonTest$AddPersonalTests" time="0.002">
    <system-out><![CDATA[testAddPerson1: personID error: the last two characters should be uppercase letters A-Z
testAddPerson1: successful!
]]></system-out>
  </testcase>
  <testcase name="testAddPerson2" classname="au.edu.rmit.sct.PersonTest$AddPersonalTests" time="0.002">
    <system-out><![CDATA[testAddPerson2: personID error: the first two characters should be numbers between 2-9
testAddPerson2: successly!
]]></system-out>
  </testcase>
  <testcase name="testAddPerson3" classname="au.edu.rmit.sct.PersonTest$AddPersonalTests" time="0.001">
    <system-out><![CDATA[testAddPerson3: the state should be Victoria
testAddPerson3: successful!
]]></system-out>
  </testcase>
  <testcase name="testAddPerson4" classname="au.edu.rmit.sct.PersonTest$AddPersonalTests" time="0.001">
    <system-out><![CDATA[testAddPerson4: successfully added
testAddPerson4: successful!
]]></system-out>
  </testcase>
  <testcase name="testAddPerson5" classname="au.edu.rmit.sct.PersonTest$AddPersonalTests" time="0.001">
    <system-out><![CDATA[testAddPerson5: the format of birthdate should follow DD-MM-YYYY
testAddPerson5: successful!
]]></system-out>
  </testcase>
</testsuite>