<?xml version="1.0" encoding="UTF-8"?>
<testsuite xmlns:xsi="http://www.w3.org/2001/XMLSchema-instance" xsi:noNamespaceSchemaLocation="https://maven.apache.org/surefire/maven-surefire-plugin/xsd/surefire-test-report.xsd" version="3.0.2" name="au.edu.rmit.sct.PersonTest$AddDemeritPointsTests" time="0.053" tests="5" errors="0" skipped="0" failures="0">
  <properties>
    <property name="java.specification.version" value="23"/>
    <property name="sun.jnu.encoding" value="UTF-8"/>
    <property name="java.class.path" value="/Users/ericapang/Documents/Assignment 4/numbers/target/test-classes:/Users/ericapang/Documents/Assignment 4/numbers/target/classes:/Users/ericapang/.m2/repository/org/junit/jupiter/junit-jupiter-api/5.12.2/junit-jupiter-api-5.12.2.jar:/Users/ericapang/.m2/repository/org/opentest4j/opentest4j/1.3.0/opentest4j-1.3.0.jar:/Users/ericapang/.m2/repository/org/junit/platform/junit-platform-commons/1.12.2/junit-platform-commons-1.12.2.jar:/Users/ericapang/.m2/repository/org/apiguardian/apiguardian-api/1.1.2/apiguardian-api-1.1.2.jar:/Users/ericapang/.m2/repository/org/junit/jupiter/junit-jupiter-engine/5.12.2/junit-jupiter-engine-5.12.2.jar:/Users/ericapang/.m2/repository/org/junit/platform/junit-platform-engine/1.12.2/junit-platform-engine-1.12.2.jar:"/>
    <property name="java.vm.vendor" value="Homebrew"/>
    <property name="sun.arch.data.model" value="64"/>
    <property name="java.vendor.url" value="https://github.com/Homebrew/homebrew-core/issues"/>
    <property name="user.timezone" value="Australia/Melbourne"/>
    <property name="os.name" value="Mac OS X"/>
    <property name="java.vm.specification.version" value="23"/>
    <property name="sun.java.launcher" value="SUN_STANDARD"/>
    <property name="user.country" value="US"/>
    <property name="sun.boot.library.path" value="/opt/homebrew/Cellar/openjdk/23.0.2/libexec/openjdk.jdk/Contents/Home/lib"/>
    <property name="sun.java.command" value="/Users/ericapang/Documents/Assignment 4/numbers/target/surefire/surefirebooter-20250529015218089_3.jar /Users/ericapang/Documents/Assignment 4/numbers/target/surefire 2025-05-29T01-52-18_054-jvmRun1 surefire-20250529015218089_1tmp surefire_0-20250529015218089_2tmp"/>
    <property name="http.nonProxyHosts" value="local|*.local|169.254/16|*.169.254/16"/>
    <property name="jdk.debug" value="release"/>
    <property name="surefire.test.class.path" value="/Users/ericapang/Documents/Assignment 4/numbers/target/test-classes:/Users/ericapang/Documents/Assignment 4/numbers/target/classes:/Users/ericapang/.m2/repository/org/junit/jupiter/junit-jupiter-api/5.12.2/junit-jupiter-api-5.12.2.jar:/Users/ericapang/.m2/repository/org/opentest4j/opentest4j/1.3.0/opentest4j-1.3.0.jar:/Users/ericapang/.m2/repository/org/junit/platform/junit-platform-commons/1.12.2/junit-platform-commons-1.12.2.jar:/Users/ericapang/.m2/repository/org/apiguardian/apiguardian-api/1.1.2/apiguardian-api-1.1.2.jar:/Users/ericapang/.m2/repository/org/junit/jupiter/junit-jupiter-engine/5.12.2/junit-jupiter-engine-5.12.2.jar:/Users/ericapang/.m2/repository/org/junit/platform/junit-platform-engine/1.12.2/junit-platform-engine-1.12.2.jar:"/>
    <property name="sun.cpu.endian" value="little"/>
    <property name="user.home" value="/Users/ericapang"/>
    <property name="user.language" value="en"/>
    <property name="java.specification.vendor" value="Oracle Corporation"/>
    <property name="java.version.date" value="2025-01-21"/>
    <property name="java.home" value="/opt/homebrew/Cellar/openjdk/23.0.2/libexec/openjdk.jdk/Contents/Home"/>
    <property name="file.separator" value="/"/>
    <property name="basedir" value="/Users/ericapang/Documents/Assignment 4/numbers"/>
    <property name="java.vm.compressedOopsMode" value="Zero based"/>
    <property name="line.separator" value="&#10;"/>
    <property name="java.vm.specification.vendor" value="Oracle Corporation"/>
    <property name="java.specification.name" value="Java Platform API Specification"/>
    <property name="apple.awt.application.name" value="ForkedBooter"/>
    <property name="surefire.real.class.path" value="/Users/ericapang/Documents/Assignment 4/numbers/target/surefire/surefirebooter-20250529015218089_3.jar"/>
    <property name="sun.management.compiler" value="HotSpot 64-Bit Tiered Compilers"/>
    <property name="ftp.nonProxyHosts" value="local|*.local|169.254/16|*.169.254/16"/>
    <property name="java.runtime.version" value="23.0.2"/>
    <property name="user.name" value="ericapang"/>
    <property name="stdout.encoding" value="UTF-8"/>
    <property name="path.separator" value=":"/>
    <property name="os.version" value="14.5"/>
    <property name="java.runtime.name" value="OpenJDK Runtime Environment"/>
    <property name="file.encoding" value="UTF-8"/>
    <property name="java.vm.name" value="OpenJDK 64-Bit Server VM"/>
    <property name="java.vendor.version" value="Homebrew"/>
    <property name="localRepository" value="/Users/ericapang/.m2/repository"/>
    <property name="java.vendor.url.bug" value="https://github.com/Homebrew/homebrew-core/issues"/>
    <property name="java.io.tmpdir" value="/var/folders/xr/kfmt6tz97px598wtg0g24n_r0000gn/T/"/>
    <property name="java.version" value="23.0.2"/>
    <property name="user.dir" value="/Users/ericapang/Documents/Assignment 4/numbers"/>
    <property name="os.arch" value="aarch64"/>
    <property name="java.vm.specification.name" value="Java Virtual Machine Specification"/>
    <property name="native.encoding" value="UTF-8"/>
    <property name="java.library.path" value="/Users/ericapang/Library/Java/Extensions:/Library/Java/Extensions:/Network/Library/Java/Extensions:/System/Library/Java/Extensions:/usr/lib/java:."/>
    <property name="java.vm.info" value="mixed mode, sharing"/>
    <property name="stderr.encoding" value="UTF-8"/>
    <property name="java.vendor" value="Homebrew"/>
    <property name="java.vm.version" value="23.0.2"/>
    <property name="sun.io.unicode.encoding" value="UnicodeBig"/>
    <property name="socksNonProxyHosts" value="local|*.local|169.254/16|*.169.254/16"/>
    <property name="java.class.version" value="67.0"/>
  </properties>
  <testcase name="testAddDemeritPoints1" classname="au.edu.rmit.sct.PersonTest$AddDemeritPointsTests" time="0.033">
    <system-out><![CDATA[---testAddDemeritPoints1()---
test data 1 result: Failed (Error: date format should be dd--mm--yyyy)
test data 2 result: Failed (Error: month must not exceed 12)
test data 3 result: Failed (Error: offense date must not be in the future)
]]></system-out>
  </testcase>
  <testcase name="testAddDemeritPoints2" classname="au.edu.rmit.sct.PersonTest$AddDemeritPointsTests" time="0.002">
    <system-out><![CDATA[---testAddDemeritPoints2()---
test data 1 result: Failed (Error: point must not be lesser than 1)
test data 2 result: Failed (Error: point must not be greater than 6)
test data 3 result: Failed (Error: only whole numbers are accepted)
test data 4 result: Failed (Error: point(string) must not be empty)
]]></system-out>
  </testcase>
  <testcase name="testAddDemeritPoints3" classname="au.edu.rmit.sct.PersonTest$AddDemeritPointsTests" time="0.005">
    <system-out><![CDATA[---testAddDemeritPoints3()---
isSuspended? false
test data 1 result: Failed (Error: isSuspended returned false, cumulative demerit points did not occur within 2 years timeframe)
isSuspended? false
test data 2 result: Failed (Error: isSuspended returned false, cumulative demerit points is 4 which is less than or equal to 6)
isSuspended? false
test data 3 result: Failed (Error: isSuspended returned false, cumulative demerit points is 6 which is less or equal to 6)
]]></system-out>
  </testcase>
  <testcase name="testAddDemeritPoints4" classname="au.edu.rmit.sct.PersonTest$AddDemeritPointsTests" time="0.002">
    <system-out><![CDATA[---testAddDemeritPoints4()---
isSuspended? false
test data 1 result: Failed (Error: isSuspended returned false, cumulative demerit points did not occur within 2 years timeframe)
isSuspended? false
test data 2 result: Failed (Error: isSuspended returned false, cumulative demerit points is 7 which is less than or equal to 12)
isSuspended? false
test data 3 result: Failed (Error: isSuspended returned false, cumulative demerit points is 12 which is less than or equal to 12)
]]></system-out>
  </testcase>
  <testcase name="testAddDemeritPoints5" classname="au.edu.rmit.sct.PersonTest$AddDemeritPointsTests" time="0.006">
    <system-out><![CDATA[---testAddDemeritPoints5()---
isSuspended? true
test data 1 result: Success ✓✓✓ ALL CONDITIONS MET! Demerit info added to txt.file. ✓✓✓
isSuspended? true
test data 2 result: Success ✓✓✓ ALL CONDITIONS MET! Demerit info added to txt.file. ✓✓✓
]]></system-out>
  </testcase>
</testsuite>