<?xml version="1.0" encoding="UTF-8"?>
<testsuite xmlns:xsi="http://www.w3.org/2001/XMLSchema-instance" xsi:noNamespaceSchemaLocation="https://maven.apache.org/surefire/maven-surefire-plugin/xsd/surefire-test-report.xsd" version="3.0.2" name="au.edu.rmit.sct.PersonTest" time="0.06" tests="10" errors="0" skipped="0" failures="0">
  <properties>
    <property name="java.specification.version" value="23"/>
    <property name="sun.jnu.encoding" value="UTF-8"/>
    <property name="java.class.path" value="/Users/ericapang/Documents/Assignment 4/numbers/target/test-classes:/Users/ericapang/Documents/Assignment 4/numbers/target/classes:/Users/ericapang/.m2/repository/org/junit/jupiter/junit-jupiter-api/5.12.2/junit-jupiter-api-5.12.2.jar:/Users/ericapang/.m2/repository/org/opentest4j/opentest4j/1.3.0/opentest4j-1.3.0.jar:/Users/ericapang/.m2/repository/org/junit/platform/junit-platform-commons/1.12.2/junit-platform-commons-1.12.2.jar:/Users/ericapang/.m2/repository/org/apiguardian/apiguardian-api/1.1.2/apiguardian-api-1.1.2.jar:/Users/ericapang/.m2/repository/org/junit/jupiter/junit-jupiter-engine/5.12.2/junit-jupiter-engine-5.12.2.jar:/Users/ericapang/.m2/repository/org/junit/platform/junit-platform-engine/1.12.2/junit-platform-engine-1.12.2.jar:"/>
    <property name="java.vm.vendor" value="Homebrew"/>
    <property name="sun.arch.data.model" value="64"/>
    <property name="java.vendor.url" value="https://github.com/Homebrew/homebrew-core/issues"/>
    <property name="user.timezone" value="Australia/Melbourne"/>
    <property name="os.name" value="Mac OS X"/>
    <property name="java.vm.specification.version" value="23"/>
    <property name="sun.java.launcher" value="SUN_STANDARD"/>
    <property name="user.country" value="US"/>
    <property name="sun.boot.library.path" value="/opt/homebrew/Cellar/openjdk/23.0.2/libexec/openjdk.jdk/Contents/Home/lib"/>
    <property name="sun.java.command" value="/Users/ericapang/Documents/Assignment 4/numbers/target/surefire/surefirebooter-20250526183336155_3.jar /Users/ericapang/Documents/Assignment 4/numbers/target/surefire 2025-05-26T18-33-36_121-jvmRun1 surefire-20250526183336155_1tmp surefire_0-20250526183336155_2tmp"/>
    <property name="http.nonProxyHosts" value="local|*.local|169.254/16|*.169.254/16"/>
    <property name="jdk.debug" value="release"/>
    <property name="surefire.test.class.path" value="/Users/ericapang/Documents/Assignment 4/numbers/target/test-classes:/Users/ericapang/Documents/Assignment 4/numbers/target/classes:/Users/ericapang/.m2/repository/org/junit/jupiter/junit-jupiter-api/5.12.2/junit-jupiter-api-5.12.2.jar:/Users/ericapang/.m2/repository/org/opentest4j/opentest4j/1.3.0/opentest4j-1.3.0.jar:/Users/ericapang/.m2/repository/org/junit/platform/junit-platform-commons/1.12.2/junit-platform-commons-1.12.2.jar:/Users/ericapang/.m2/repository/org/apiguardian/apiguardian-api/1.1.2/apiguardian-api-1.1.2.jar:/Users/ericapang/.m2/repository/org/junit/jupiter/junit-jupiter-engine/5.12.2/junit-jupiter-engine-5.12.2.jar:/Users/ericapang/.m2/repository/org/junit/platform/junit-platform-engine/1.12.2/junit-platform-engine-1.12.2.jar:"/>
    <property name="sun.cpu.endian" value="little"/>
    <property name="user.home" value="/Users/ericapang"/>
    <property name="user.language" value="en"/>
    <property name="java.specification.vendor" value="Oracle Corporation"/>
    <property name="java.version.date" value="2025-01-21"/>
    <property name="java.home" value="/opt/homebrew/Cellar/openjdk/23.0.2/libexec/openjdk.jdk/Contents/Home"/>
    <property name="file.separator" value="/"/>
    <property name="basedir" value="/Users/ericapang/Documents/Assignment 4/numbers"/>
    <property name="java.vm.compressedOopsMode" value="Zero based"/>
    <property name="line.separator" value="&#10;"/>
    <property name="java.vm.specification.vendor" value="Oracle Corporation"/>
    <property name="java.specification.name" value="Java Platform API Specification"/>
    <property name="apple.awt.application.name" value="ForkedBooter"/>
    <property name="surefire.real.class.path" value="/Users/ericapang/Documents/Assignment 4/numbers/target/surefire/surefirebooter-20250526183336155_3.jar"/>
    <property name="sun.management.compiler" value="HotSpot 64-Bit Tiered Compilers"/>
    <property name="ftp.nonProxyHosts" value="local|*.local|169.254/16|*.169.254/16"/>
    <property name="java.runtime.version" value="23.0.2"/>
    <property name="user.name" value="ericapang"/>
    <property name="stdout.encoding" value="UTF-8"/>
    <property name="path.separator" value=":"/>
    <property name="os.version" value="14.5"/>
    <property name="java.runtime.name" value="OpenJDK Runtime Environment"/>
    <property name="file.encoding" value="UTF-8"/>
    <property name="java.vm.name" value="OpenJDK 64-Bit Server VM"/>
    <property name="java.vendor.version" value="Homebrew"/>
    <property name="localRepository" value="/Users/ericapang/.m2/repository"/>
    <property name="java.vendor.url.bug" value="https://github.com/Homebrew/homebrew-core/issues"/>
    <property name="java.io.tmpdir" value="/var/folders/xr/kfmt6tz97px598wtg0g24n_r0000gn/T/"/>
    <property name="java.version" value="23.0.2"/>
    <property name="user.dir" value="/Users/ericapang/Documents/Assignment 4/numbers"/>
    <property name="os.arch" value="aarch64"/>
    <property name="java.vm.specification.name" value="Java Virtual Machine Specification"/>
    <property name="native.encoding" value="UTF-8"/>
    <property name="java.library.path" value="/Users/ericapang/Library/Java/Extensions:/Library/Java/Extensions:/Network/Library/Java/Extensions:/System/Library/Java/Extensions:/usr/lib/java:."/>
    <property name="java.vm.info" value="mixed mode, sharing"/>
    <property name="stderr.encoding" value="UTF-8"/>
    <property name="java.vendor" value="Homebrew"/>
    <property name="java.vm.version" value="23.0.2"/>
    <property name="sun.io.unicode.encoding" value="UnicodeBig"/>
    <property name="socksNonProxyHosts" value="local|*.local|169.254/16|*.169.254/16"/>
    <property name="java.class.version" value="67.0"/>
  </properties>
  <testcase name="testUpdateAddressForUnder18" classname="au.edu.rmit.sct.PersonTest" time="0.022">
    <system-out><![CDATA[File used for testing: /Users/ericapang/Documents/Assignment 4/numbers/persons.txt
Lines loaded from file:
12345,John,Smith,123 Main St,2000-05-15,3,false
23456,Jane,Smith,456 Park Ave,2010-10-20,1,false
Processing record with ID: 23456
Old details:
ID: 23456
First Name: Jane
Last Name: Smith
Address: 456 Park Ave
Birthday: 2010-10-20
Calculated age: 14
Update failed: Under 18 cannot change address.
testUpdateAddressForUnder18 returned: false
]]></system-out>
  </testcase>
  <testcase name="testUpdateMultipleFieldsExceptBirthdayForAdult" classname="au.edu.rmit.sct.PersonTest" time="0.001">
    <system-out><![CDATA[File used for testing: /Users/ericapang/Documents/Assignment 4/numbers/persons.txt
Lines loaded from file:
12345,John,Smith,123 Main St,2000-05-15,3,false
23456,Jane,Smith,456 Park Ave,2010-10-20,1,false
Processing record with ID: 12345
Old details:
ID: 12345
First Name: John
Last Name: Smith
Address: 123 Main St
Birthday: 2000-05-15
Calculated age: 25
Updating details...
File updated successfully.
testUpdateMultipleFieldsExceptBirthdayForAdult returned: true
]]></system-out>
  </testcase>
  <testcase name="testAddDemeritPointsValid" classname="au.edu.rmit.sct.PersonTest" time="0.017">
    <system-out><![CDATA[File used for testing: /Users/ericapang/Documents/Assignment 4/numbers/persons.txt
]]></system-out>
  </testcase>
  <testcase name="testUnderageSuspension" classname="au.edu.rmit.sct.PersonTest" time="0.002">
    <system-out><![CDATA[File used for testing: /Users/ericapang/Documents/Assignment 4/numbers/persons.txt
]]></system-out>
  </testcase>
  <testcase name="testUpdateBirthdayAndOtherDetails" classname="au.edu.rmit.sct.PersonTest" time="0.001">
    <system-out><![CDATA[File used for testing: /Users/ericapang/Documents/Assignment 4/numbers/persons.txt
Lines loaded from file:
12345,John,Smith,123 Main St,2000-05-15,3,false
23456,Jane,Smith,456 Park Ave,2010-10-20,1,false
Processing record with ID: 12345
Old details:
ID: 12345
First Name: John
Last Name: Smith
Address: 123 Main St
Birthday: 2000-05-15
Calculated age: 25
Birthday changed.
Update failed: When birthday changes, other details must remain unchanged.
testUpdateBirthdayAndOtherDetails returned: false
]]></system-out>
  </testcase>
  <testcase name="testAddDemeritPointsInvalidDate" classname="au.edu.rmit.sct.PersonTest" time="0.001">
    <system-out><![CDATA[File used for testing: /Users/ericapang/Documents/Assignment 4/numbers/persons.txt
]]></system-out>
  </testcase>
  <testcase name="testAddDemeritPointsInvalidPoints" classname="au.edu.rmit.sct.PersonTest" time="0.001">
    <system-out><![CDATA[File used for testing: /Users/ericapang/Documents/Assignment 4/numbers/persons.txt
]]></system-out>
  </testcase>
  <testcase name="testUpdateLastNameOnly" classname="au.edu.rmit.sct.PersonTest" time="0.001">
    <system-out><![CDATA[File used for testing: /Users/ericapang/Documents/Assignment 4/numbers/persons.txt
Lines loaded from file:
12345,John,Smith,123 Main St,2000-05-15,3,false
23456,Jane,Smith,456 Park Ave,2010-10-20,1,false
Processing record with ID: 12345
Old details:
ID: 12345
First Name: John
Last Name: Smith
Address: 123 Main St
Birthday: 2000-05-15
Calculated age: 25
Updating details...
File updated successfully.
testUpdateLastNameOnly returned: true
]]></system-out>
  </testcase>
  <testcase name="testAdultSuspension" classname="au.edu.rmit.sct.PersonTest" time="0.002">
    <system-out><![CDATA[File used for testing: /Users/ericapang/Documents/Assignment 4/numbers/persons.txt
]]></system-out>
  </testcase>
  <testcase name="testUpdateIdWithEvenStartingDigit" classname="au.edu.rmit.sct.PersonTest" time="0.001">
    <system-out><![CDATA[File used for testing: /Users/ericapang/Documents/Assignment 4/numbers/persons.txt
Lines loaded from file:
12345,John,Smith,123 Main St,2000-05-15,3,false
23456,Jane,Smith,456 Park Ave,2010-10-20,1,false
Processing record with ID: 23456
Old details:
ID: 23456
First Name: Jane
Last Name: Smith
Address: 456 Park Ave
Birthday: 2010-10-20
Calculated age: 14
Update failed: Even-digit starting ID cannot be changed.
testUpdateIdWithEvenStartingDigit returned: false
]]></system-out>
  </testcase>
</testsuite>